<?xml version="1.0" encoding="UTF-8"?>
<!-- Generated by org.testng.reporters.JUnitXMLReporter -->
<testsuite ignored="0" hostname="DESKTOP-BQPVLVH" failures="0" tests="4" name="Default test" time="2.316" errors="0" timestamp="2024-02-17T02:45:33 EET">
  <testcase classname="tests.End2EndTest" name="Test_valid_login" time="1.652"/>
  <testcase classname="tests.End2EndTest" name="PrintTitleOfDashoardPage" time="0.013"/>
  <testcase classname="tests.End2EndTest" name="Test_valid_logout" time="0.293"/>
  <testcase classname="tests.End2EndTest" name="tearDown" time="0.287"/>
</testsuite> <!-- Default test -->
