<?xml version="1.0" encoding="UTF-8"?>
<testng-results ignored="0" total="4" passed="4" failed="0" skipped="0">
  <reporter-output>
  </reporter-output>
  <suite started-at="2024-02-17T02:45:31 EET" name="Default suite" finished-at="2024-02-17T02:45:33 EET" duration-ms="2316">
    <groups>
    </groups>
    <test started-at="2024-02-17T02:45:31 EET" name="Default test" finished-at="2024-02-17T02:45:33 EET" duration-ms="2316">
      <class name="tests.End2EndTest">
        <test-method is-config="true" signature="startDriver()[pri:0, instance:tests.End2EndTest@5a5a729f]" started-at="2024-02-17T02:45:25 EET" name="startDriver" finished-at="2024-02-17T02:45:31 EET" duration-ms="6120" status="PASS">
          <reporter-output>
          </reporter-output>
        </test-method> <!-- startDriver -->
        <test-method signature="Test_valid_login()[pri:0, instance:tests.End2EndTest@5a5a729f]" started-at="2024-02-17T02:45:31 EET" name="Test_valid_login" finished-at="2024-02-17T02:45:33 EET" duration-ms="1652" status="PASS">
          <reporter-output>
          </reporter-output>
        </test-method> <!-- Test_valid_login -->
        <test-method signature="PrintTitleOfDashoardPage()[pri:1, instance:tests.End2EndTest@5a5a729f]" started-at="2024-02-17T02:45:33 EET" name="PrintTitleOfDashoardPage" finished-at="2024-02-17T02:45:33 EET" duration-ms="13" status="PASS">
          <reporter-output>
          </reporter-output>
        </test-method> <!-- PrintTitleOfDashoardPage -->
        <test-method signature="Test_valid_logout()[pri:2, instance:tests.End2EndTest@5a5a729f]" started-at="2024-02-17T02:45:33 EET" name="Test_valid_logout" finished-at="2024-02-17T02:45:33 EET" duration-ms="293" status="PASS">
          <reporter-output>
          </reporter-output>
        </test-method> <!-- Test_valid_logout -->
        <test-method signature="tearDown()[pri:3, instance:tests.End2EndTest@5a5a729f]" started-at="2024-02-17T02:45:33 EET" name="tearDown" finished-at="2024-02-17T02:45:33 EET" duration-ms="287" status="PASS">
          <reporter-output>
          </reporter-output>
        </test-method> <!-- tearDown -->
      </class> <!-- tests.End2EndTest -->
    </test> <!-- Default test -->
  </suite> <!-- Default suite -->
</testng-results>
